2025-05-14 16:31:57,872 INFO Set uid to user 0 succeeded
2025-05-14 16:31:57,875 INFO supervisord started with pid 1
2025-05-14 16:31:58,889 INFO spawned: 'php-fpm' with pid 7
2025-05-14 16:31:58,900 INFO spawned: 'nginx' with pid 8
2025-05-14 16:31:59,947 INFO success: php-fpm entered RUNNING state, process has stayed up for > than 1 seconds (startsecs)
2025-05-14 16:31:59,953 INFO success: nginx entered RUNNING state, process has stayed up for > than 1 seconds (startsecs)
2025-05-14 16:42:58,897 WARN received SIGQUIT indicating exit request
2025-05-14 16:42:58,900 INFO waiting for php-fpm, nginx to die
2025-05-14 16:42:58,907 INFO stopped: nginx (exit status 0)
2025-05-14 16:42:59,923 INFO stopped: php-fpm (exit status 0)
2025-05-14 16:43:00,406 INFO Set uid to user 0 succeeded
2025-05-14 16:43:00,407 INFO supervisord started with pid 1
2025-05-14 16:43:01,414 INFO spawned: 'php-fpm' with pid 7
2025-05-14 16:43:01,418 INFO spawned: 'nginx' with pid 8
2025-05-14 16:43:02,440 INFO success: php-fpm entered RUNNING state, process has stayed up for > than 1 seconds (startsecs)
2025-05-14 16:43:02,441 INFO success: nginx entered RUNNING state, process has stayed up for > than 1 seconds (startsecs)
2025-05-14 16:54:29,851 INFO reaped unknown pid 87 (exit status 0)
2025-05-14 16:55:01,996 INFO reaped unknown pid 125 (exit status 0)
2025-05-14 17:07:32,311 WARN received SIGQUIT indicating exit request
2025-05-14 17:07:32,313 INFO waiting for php-fpm, nginx to die
2025-05-14 17:07:32,318 INFO stopped: nginx (exit status 0)
2025-05-14 17:07:32,327 INFO stopped: php-fpm (exit status 0)
2025-05-15 04:40:53,337 INFO Set uid to user 0 succeeded
2025-05-15 04:40:53,340 INFO supervisord started with pid 1
2025-05-15 04:40:54,346 INFO spawned: 'php-fpm' with pid 7
2025-05-15 04:40:54,357 INFO spawned: 'nginx' with pid 8
2025-05-15 04:40:55,396 INFO success: php-fpm entered RUNNING state, process has stayed up for > than 1 seconds (startsecs)
2025-05-15 04:40:55,396 INFO success: nginx entered RUNNING state, process has stayed up for > than 1 seconds (startsecs)
2025-05-15 05:04:50,385 WARN received SIGQUIT indicating exit request
2025-05-15 05:04:50,388 INFO waiting for php-fpm, nginx to die
2025-05-15 05:04:50,399 INFO stopped: nginx (exit status 0)
2025-05-15 05:04:51,420 INFO stopped: php-fpm (exit status 0)
2025-05-15 05:05:42,403 INFO Set uid to user 0 succeeded
2025-05-15 05:05:42,407 INFO supervisord started with pid 1
2025-05-15 05:05:43,411 INFO spawned: 'php-fpm' with pid 7
2025-05-15 05:05:43,416 INFO spawned: 'nginx' with pid 8
2025-05-15 05:05:44,435 INFO success: php-fpm entered RUNNING state, process has stayed up for > than 1 seconds (startsecs)
2025-05-15 05:05:44,435 INFO success: nginx entered RUNNING state, process has stayed up for > than 1 seconds (startsecs)
2025-05-15 05:07:56,799 WARN received SIGQUIT indicating exit request
2025-05-15 05:07:56,803 INFO waiting for php-fpm, nginx to die
2025-05-15 05:07:56,811 INFO stopped: nginx (exit status 0)
2025-05-15 05:07:56,826 INFO stopped: php-fpm (exit status 0)
2025-05-15 05:08:20,191 INFO Set uid to user 0 succeeded
2025-05-15 05:08:20,194 INFO supervisord started with pid 1
2025-05-15 05:08:21,197 INFO spawned: 'php-fpm' with pid 7
2025-05-15 05:08:21,203 INFO spawned: 'nginx' with pid 8
2025-05-15 05:08:22,232 INFO success: php-fpm entered RUNNING state, process has stayed up for > than 1 seconds (startsecs)
2025-05-15 05:08:22,234 INFO success: nginx entered RUNNING state, process has stayed up for > than 1 seconds (startsecs)
